<?xml version="1.0" encoding="UTF-8"?>
<testsuite name="tests.ScreenShotTest" tests="1" skipped="0" failures="0" errors="0" timestamp="2025-01-10T01:24:58" hostname="DESKTOP-JIHRTCG" time="8.642">
  <properties/>
  <testcase name="screenShot()" classname="tests.ScreenShotTest" time="8.642"/>
  <system-out><![CDATA[]]></system-out>
  <system-err><![CDATA[янв. 10, 2025 9:25:00 AM org.openqa.selenium.devtools.CdpVersionFinder findNearestMatch
WARNING: Unable to find CDP implementation matching 131
янв. 10, 2025 9:25:00 AM org.openqa.selenium.chromium.ChromiumDriver lambda$new$5
WARNING: Unable to find version of CDP to use for 131.0.6778.205. You may need to include a dependency on a specific version of the CDP using something similar to `org.seleniumhq.selenium:selenium-devtools-v86:4.13.0` where the version ("v86") matches the version of the chromium-based browser you're using and the version number of the artifact is the same as Selenium's.
]]></system-err>
</testsuite>
